<?xml version="1.0" encoding="UTF-8"?>
<testng-results ignored="0" total="1" passed="1" failed="0" skipped="0">
  <reporter-output>
  </reporter-output>
  <suite started-at="2022-05-16T22:39:05 IST" name="Default suite" finished-at="2022-05-16T22:39:18 IST" duration-ms="12855">
    <groups>
    </groups>
    <test started-at="2022-05-16T22:39:05 IST" name="Default test" finished-at="2022-05-16T22:39:18 IST" duration-ms="12855">
      <class name="UsingAutoITTest">
        <test-method signature="autoITUoload()[pri:0, instance:UsingAutoITTest@2ef3eef9]" started-at="2022-05-16T22:39:06 IST" name="autoITUoload" finished-at="2022-05-16T22:39:18 IST" duration-ms="12776" status="PASS">
          <reporter-output>
          </reporter-output>
        </test-method> <!-- autoITUoload -->
      </class> <!-- UsingAutoITTest -->
    </test> <!-- Default test -->
  </suite> <!-- Default suite -->
</testng-results>
